<?xml version="1.0" encoding="UTF-8" ?>
<testsuite tests="8" failures="0" name="ls.mycompany.controles.IBANTest" time="0.003" errors="0" skipped="0">
  <properties>
    <property name="java.runtime.name" value="Java(TM) SE Runtime Environment"/>
    <property name="sun.boot.library.path" value="C:\java\jdk1.8.0\jre\bin"/>
    <property name="java.vm.version" value="25.0-b70"/>
    <property name="java.vm.vendor" value="Oracle Corporation"/>
    <property name="java.vendor.url" value="http://java.oracle.com/"/>
    <property name="path.separator" value=";"/>
    <property name="guice.disable.misplaced.annotation.check" value="true"/>
    <property name="java.vm.name" value="Java HotSpot(TM) 64-Bit Server VM"/>
    <property name="file.encoding.pkg" value="sun.io"/>
    <property name="user.script" value=""/>
    <property name="user.country" value="FR"/>
    <property name="sun.java.launcher" value="SUN_STANDARD"/>
    <property name="sun.os.patch.level" value=""/>
    <property name="java.vm.specification.name" value="Java Virtual Machine Specification"/>
    <property name="user.dir" value="C:\develop\java\Controles"/>
    <property name="java.runtime.version" value="1.8.0-b132"/>
    <property name="java.awt.graphicsenv" value="sun.awt.Win32GraphicsEnvironment"/>
    <property name="java.endorsed.dirs" value="C:\java\jdk1.8.0\jre\lib\endorsed"/>
    <property name="os.arch" value="amd64"/>
    <property name="java.io.tmpdir" value="C:\Users\ls\AppData\Local\Temp\"/>
    <property name="line.separator" value="
"/>
    <property name="java.vm.specification.vendor" value="Oracle Corporation"/>
    <property name="user.variant" value=""/>
    <property name="os.name" value="Windows 8.1"/>
    <property name="classworlds.conf" value="C:\Program Files\NetBeans 8.2\java\maven\bin\..\bin\m2.conf"/>
    <property name="sun.jnu.encoding" value="Cp1252"/>
    <property name="java.library.path" value="C:\java\jdk1.8.0\bin;C:\WINDOWS\Sun\Java\bin;C:\WINDOWS\system32;C:\WINDOWS;C:\Program Files (x86)\Common Files\Oracle\Java\javapath;C:\Program Files (x86)\Gupta\Team Developer 7.0\Axis2c\lib;C:\Program Files (x86)\Gupta\Team Developer 7.0;C:\ProgramData\Gupta\Team Developer 7.0\;C:\Program Files (x86)\jEdit;C:\oraclexe\app\oracle\product\11.2.0\server\bin;C:\Program Files\WinRAR;C:\ProgramData\Oracle\Java\javapath;C:\ant.run\bin;C:\WINDOWS\system32;C:\WINDOWS;C:\WINDOWS\System32\Wbem;C:\WINDOWS\System32\WindowsPowerShell\v1.0\;C:\Program Files\TortoiseSVN\bin;C:\java\jre\1.8;C:\java\jre\1.8\bin;c:\util;C:\Users\ls\.dnx\bin;C:\Program Files\Microsoft DNX\Dnvm\;C:\Program Files\Microsoft SQL Server\120\Tools\Binn\;C:\Program Files (x86)\Windows Kits\10\Windows Performance Toolkit\;C:\Program Files (x86)\nodejs\;C:\Program Files\jEdit;C:\Program Files\Git\cmd;C:\Program Files (x86)\QuickPar;C:\Program Files (x86)\WinISO Computing\WinISO\bin;C:\java\jdk1.8.0;C:\java\jdk1.8.0\bin;C:\Program Files (x86)\Inno Setup 5;C:\WINDOWS\System32\OpenSSH\;C:\Program Files\NetBeans 8.2\java\maven\bin;C:\Users\ls\AppData\Roaming\npm;C:\Program Files (x86)\jEdit 5.3.0;%USERPROFILE%\AppData\Local\Microsoft\WindowsApps;;."/>
    <property name="java.specification.name" value="Java Platform API Specification"/>
    <property name="java.class.version" value="52.0"/>
    <property name="sun.management.compiler" value="HotSpot 64-Bit Tiered Compilers"/>
    <property name="os.version" value="6.3"/>
    <property name="user.home" value="C:\Users\ls"/>
    <property name="user.timezone" value="Europe/Paris"/>
    <property name="java.awt.printerjob" value="sun.awt.windows.WPrinterJob"/>
    <property name="java.specification.version" value="1.8"/>
    <property name="file.encoding" value="Cp1252"/>
    <property name="user.name" value="ls"/>
    <property name="java.class.path" value="C:\Program Files\NetBeans 8.2\java\maven\bin\..\boot\plexus-classworlds-2.4.jar"/>
    <property name="java.vm.specification.version" value="1.8"/>
    <property name="sun.arch.data.model" value="64"/>
    <property name="java.home" value="C:\java\jdk1.8.0\jre"/>
    <property name="sun.java.command" value="org.codehaus.plexus.classworlds.launcher.Launcher package javadoc:javadoc"/>
    <property name="java.specification.vendor" value="Oracle Corporation"/>
    <property name="user.language" value="fr"/>
    <property name="awt.toolkit" value="sun.awt.windows.WToolkit"/>
    <property name="java.vm.info" value="mixed mode"/>
    <property name="java.version" value="1.8.0"/>
    <property name="java.ext.dirs" value="C:\java\jdk1.8.0\jre\lib\ext;C:\WINDOWS\Sun\Java\lib\ext"/>
    <property name="sun.boot.class.path" value="C:\java\jdk1.8.0\jre\lib\resources.jar;C:\java\jdk1.8.0\jre\lib\rt.jar;C:\java\jdk1.8.0\jre\lib\sunrsasign.jar;C:\java\jdk1.8.0\jre\lib\jsse.jar;C:\java\jdk1.8.0\jre\lib\jce.jar;C:\java\jdk1.8.0\jre\lib\charsets.jar;C:\java\jdk1.8.0\jre\lib\jfr.jar;C:\java\jdk1.8.0\jre\classes"/>
    <property name="sun.stderr.encoding" value="cp850"/>
    <property name="java.vendor" value="Oracle Corporation"/>
    <property name="maven.home" value="C:\Program Files\NetBeans 8.2\java\maven\bin\.."/>
    <property name="file.separator" value="\"/>
    <property name="java.vendor.url.bug" value="http://bugreport.sun.com/bugreport/"/>
    <property name="sun.cpu.endian" value="little"/>
    <property name="sun.io.unicode.encoding" value="UnicodeLittle"/>
    <property name="sun.stdout.encoding" value="cp850"/>
    <property name="sun.desktop" value="windows"/>
    <property name="sun.cpu.isalist" value="amd64"/>
  </properties>
  <testcase classname="ls.mycompany.controles.IBANTest" name="testFiltreChar" time="0"/>
  <testcase classname="ls.mycompany.controles.IBANTest" name="testCheck" time="0"/>
  <testcase classname="ls.mycompany.controles.IBANTest" name="testCalculModulo_String" time="0.001"/>
  <testcase classname="ls.mycompany.controles.IBANTest" name="testConvertirLettreEnChiffre" time="0"/>
  <testcase classname="ls.mycompany.controles.IBANTest" name="testFiltreChar2" time="0"/>
  <testcase classname="ls.mycompany.controles.IBANTest" name="testCheck2" time="0.001"/>
  <testcase classname="ls.mycompany.controles.IBANTest" name="testFormat" time="0"/>
  <testcase classname="ls.mycompany.controles.IBANTest" name="testToBban" time="0"/>
</testsuite>